<?xml version="1.0" encoding="UTF-8"?>
<robot generator="Robot 5.0 (Python 3.10.6 on linux)" generated="20230308 17:54:05.589" rpa="false" schemaversion="3">
<suite id="s1" name="Input" source="/home/miroslav/WORK/Ausy/test/input.robot">
<test id="s1-t1" name="Test variable output" line="5">
<kw name="Log To Console" library="BuiltIn">
<arg>${MY_VARIABLE}[0]</arg>
<doc>Logs the given message to the console.</doc>
<status status="PASS" starttime="20230308 17:54:05.598" endtime="20230308 17:54:05.599"/>
</kw>
<status status="PASS" starttime="20230308 17:54:05.598" endtime="20230308 17:54:05.599"/>
</test>
<status status="PASS" starttime="20230308 17:54:05.589" endtime="20230308 17:54:05.599"/>
</suite>
<statistics>
<total>
<stat pass="1" fail="0" skip="0">All Tests</stat>
</total>
<tag>
</tag>
<suite>
<stat pass="1" fail="0" skip="0" id="s1" name="Input">Input</stat>
</suite>
</statistics>
<errors>
</errors>
</robot>
